[ INFO  ] :::::::::::::::::::::::::::::::::::::::::::::::::::::::
[ INFO  ]                    PROTEUS framework                   
[ INFO  ]                    by Forming Worlds                   
[ INFO  ] :::::::::::::::::::::::::::::::::::::::::::::::::::::::
[ INFO  ]  
[ INFO  ] Current time      2024-10-31 10:00:58 
[ INFO  ] Python version    3.13.0
[ INFO  ] System hostname   atmlxint6.atm.ox.ac.uk
[ INFO  ] System username   nichollsh
[ INFO  ] Platform type     Linux
[ INFO  ] FWL data path     /network/group/aopp/planetary/RTP035_NICHOLLS_PROTEUS/fwl_data/
[ INFO  ]  
[ INFO  ] PROTEUS version   24.10.30
[ INFO  ] PROTEUS location  /home/n/nichollsh/PROTEUS/
[ INFO  ] PROTEUS git hash  550ed68dc109fc68e9f9a193c2eac05b8d4b5d14
[ INFO  ] Config file       /home/n/nichollsh/PROTEUS/input/aragog.toml
[ INFO  ] Output path       /home/n/nichollsh/PROTEUS/output/dummy_aragog/
[ INFO  ]  
[ INFO  ] Interior module   aragog version 0.1.0-alpha
[ INFO  ] Structure module  None
[ INFO  ] Atmos_clim module dummy
[ INFO  ] Outgas module     calliope version 24.09.10
[ INFO  ] Escape module     dummy
[ INFO  ] Star module       dummy
[ INFO  ] Orbit module      None
[ INFO  ] Delivery module   None
[ INFO  ]  
[ INFO  ] ---------------------------------------------------
[ INFO  ] Total mantle mass = 4.03e+24 kg
[ INFO  ] Input partial pressures:
[ INFO  ]     H2O    : 0.00  bar (included = True)
[ INFO  ]     CO2    : 0.00  bar (included = True)
[ INFO  ]     H2     : 0.00  bar (included = True)
[ INFO  ]     CH4    : 0.00  bar (included = True)
[ INFO  ]     CO     : 0.00  bar (included = True)
[ INFO  ]     N2     : 0.00  bar (included = True)
[ INFO  ]     S2     : 0.00  bar (included = True)
[ INFO  ]     SO2    : 0.00  bar (included = True)
[ INFO  ] Included gases: ['H2O', 'CO2', 'H2', 'CH4', 'CO', 'N2', 'S2', 'SO2', 'SiO', 'SiO2', 'MgO', 'FeO2']
[ INFO  ] Getting physical and reference data
[ INFO  ]  
[ INFO  ] ===================================================
[ INFO  ] Loop counters
[ INFO  ] init    total     steady
[ INFO  ] 0/2   0000/9000   -1/3
[ INFO  ] ---------------------------------------------------
[ INFO  ] Running Aragog...
[ INFO  ] ---------------------------------------------------
[ INFO  ] Stellar flux management...
[ INFO  ] Update stellar radius
[ INFO  ] Update instellation
[ INFO  ] Update equilibrium temperature
[ INFO  ] Updating stellar spectrum
[ INFO  ] ---------------------------------------------------
[ INFO  ] Solving for equilibrium partial pressures at surface
[ INFO  ]     H2O    : 3.53     bar (8.98e-03 VMR)
[ INFO  ]     CO2    : 83.85    bar (2.13e-01 VMR)
[ INFO  ]     H2     : 1.32     bar (3.36e-03 VMR)
[ INFO  ]     CH4    : 0.00     bar (4.73e-11 VMR)
[ INFO  ]     CO     : 300.37   bar (7.64e-01 VMR)
[ INFO  ]     N2     : 3.88     bar (9.87e-03 VMR)
[ INFO  ]     S2     : 0.01     bar (1.30e-05 VMR)
[ INFO  ]     SO2    : 0.31     bar (7.84e-04 VMR)
[ INFO  ] ---------------------------------------------------
[ INFO  ] Running dummy atmosphere...
[ INFO  ] Gamma = 0.7000
[ INFO  ] Calculating fluxes with dummy atmosphere
[ INFO  ] Resultant values:
[ INFO  ]     T_surf =  4.000e+03  K
[ INFO  ]     F_atm  =  1.173e+05  W m-2
[ INFO  ]     F_olr  =  1.176e+05  W m-2
[ INFO  ]     F_sct  =  3.403e+01  W m-2
[ INFO  ] ---------------------------------------------------
[ INFO  ] Runtime info...
[ INFO  ]     System time  :   2024-10-31 10:00:58   
[ INFO  ]     Model time   :   0.00e+00   yr
[ INFO  ]     T_surf       :   4000.000   K
[ INFO  ]     T_magma      :   4000.000   K
[ INFO  ]     P_surf       :   3.93e+02   bar
[ INFO  ]     Phi_global   :   8.86e-01   
[ INFO  ]     Instellation :   1.36e+03   W m-2
[ INFO  ]     F_int        :   -0.00e+00   W m-2
[ INFO  ]     F_atm        :   1.17e+05   W m-2
[ INFO  ]     |F_net|      :   1.17e+05   W m-2
[ INFO  ] Check convergence criteria
[ INFO  ] ---------------------------------------------------
[ INFO  ] Making plots
[ INFO  ]  
[ INFO  ] ===================================================
[ INFO  ] Loop counters
[ INFO  ] init    total     steady
[ INFO  ] 1/2   0001/9000   -1/3
[ INFO  ] ---------------------------------------------------
[ INFO  ] Running Aragog...
[ INFO  ] ---------------------------------------------------
[ INFO  ] Stellar flux management...
[ INFO  ] New spectrum not required at this time
[ INFO  ] ---------------------------------------------------
[ INFO  ] Solving for equilibrium partial pressures at surface
[ INFO  ]     H2O    : 3.53     bar (8.98e-03 VMR)
[ INFO  ]     CO2    : 83.85    bar (2.13e-01 VMR)
[ INFO  ]     H2     : 1.32     bar (3.36e-03 VMR)
[ INFO  ]     CH4    : 0.00     bar (4.73e-11 VMR)
[ INFO  ]     CO     : 300.37   bar (7.64e-01 VMR)
[ INFO  ]     N2     : 3.88     bar (9.87e-03 VMR)
[ INFO  ]     S2     : 0.01     bar (1.30e-05 VMR)
[ INFO  ]     SO2    : 0.31     bar (7.84e-04 VMR)
[ INFO  ] ---------------------------------------------------
[ INFO  ] Running dummy atmosphere...
[ INFO  ] Gamma = 0.7000
[ INFO  ] Calculating fluxes with dummy atmosphere
[ INFO  ] Resultant values:
[ INFO  ]     T_surf =  4.000e+03  K
[ INFO  ]     F_atm  =  1.173e+05  W m-2
[ INFO  ]     F_olr  =  1.176e+05  W m-2
[ INFO  ]     F_sct  =  3.403e+01  W m-2
[ INFO  ] ---------------------------------------------------
[ INFO  ] Runtime info...
[ INFO  ]     System time  :   2024-10-31 10:00:58   
[ INFO  ]     Model time   :   0.00e+00   yr
[ INFO  ]     T_surf       :   3999.999   K
[ INFO  ]     T_magma      :   3999.999   K
[ INFO  ]     P_surf       :   3.93e+02   bar
[ INFO  ]     Phi_global   :   8.86e-01   
[ INFO  ]     Instellation :   1.36e+03   W m-2
[ INFO  ]     F_int        :   -0.00e+00   W m-2
[ INFO  ]     F_atm        :   1.17e+05   W m-2
[ INFO  ]     |F_net|      :   1.17e+05   W m-2
[ INFO  ] Check convergence criteria
[ INFO  ] ---------------------------------------------------
[ INFO  ] Making plots
[ INFO  ]  
[ INFO  ] ===================================================
[ INFO  ] Loop counters
[ INFO  ] init    total     steady
[ INFO  ] 2/2   0002/9000   -1/3
[ INFO  ] ---------------------------------------------------
[ INFO  ] Running Aragog...
[ INFO  ] ---------------------------------------------------
[ INFO  ] Stellar flux management...
[ INFO  ] New spectrum not required at this time
[ INFO  ] ---------------------------------------------------
[ INFO  ] Bulk escape rate: 6.31e+11 kg yr-1 = 2.00e+04 kg s-1
[ INFO  ] ---------------------------------------------------
[ INFO  ] Solving for equilibrium partial pressures at surface
[ INFO  ]     H2O    : 3.53     bar (8.98e-03 VMR)
[ INFO  ]     CO2    : 83.85    bar (2.13e-01 VMR)
[ INFO  ]     H2     : 1.32     bar (3.36e-03 VMR)
[ INFO  ]     CH4    : 0.00     bar (4.73e-11 VMR)
[ INFO  ]     CO     : 300.37   bar (7.64e-01 VMR)
[ INFO  ]     N2     : 3.88     bar (9.87e-03 VMR)
[ INFO  ]     S2     : 0.01     bar (1.30e-05 VMR)
[ INFO  ]     SO2    : 0.31     bar (7.84e-04 VMR)
[ INFO  ] ---------------------------------------------------
[ INFO  ] Running dummy atmosphere...
[ INFO  ] Gamma = 0.7000
[ INFO  ] Calculating fluxes with dummy atmosphere
[ INFO  ] Resultant values:
[ INFO  ]     T_surf =  4.000e+03  K
[ INFO  ]     F_atm  =  1.173e+05  W m-2
[ INFO  ]     F_olr  =  1.176e+05  W m-2
[ INFO  ]     F_sct  =  3.403e+01  W m-2
[ INFO  ] ---------------------------------------------------
[ INFO  ] Runtime info...
[ INFO  ]     System time  :   2024-10-31 10:00:58   
[ INFO  ]     Model time   :   0.00e+00   yr
[ INFO  ]     T_surf       :   3999.999   K
[ INFO  ]     T_magma      :   3999.999   K
[ INFO  ]     P_surf       :   3.93e+02   bar
[ INFO  ]     Phi_global   :   8.86e-01   
[ INFO  ]     Instellation :   1.36e+03   W m-2
[ INFO  ]     F_int        :   -0.00e+00   W m-2
[ INFO  ]     F_atm        :   1.17e+05   W m-2
[ INFO  ]     |F_net|      :   1.17e+05   W m-2
[ INFO  ] Check convergence criteria
[ INFO  ] ---------------------------------------------------
[ INFO  ] Making plots
[ INFO  ]  
[ INFO  ] ===================================================
[ INFO  ] Loop counters
[ INFO  ] init    total     steady
[ INFO  ] 2/2   0003/9000   -1/3
[ INFO  ] ---------------------------------------------------
[ INFO  ] Running Aragog...
[ INFO  ] Time-stepping intent: static
[ INFO  ] New time-step is 1.00e+00 years
[ INFO  ] ---------------------------------------------------
[ INFO  ] Stellar flux management...
[ INFO  ] New spectrum not required at this time
[ INFO  ] ---------------------------------------------------
[ INFO  ] Bulk escape rate: 6.31e+11 kg yr-1 = 2.00e+04 kg s-1
[ INFO  ] ---------------------------------------------------
[ INFO  ] Solving for equilibrium partial pressures at surface
[ INFO  ]     H2O    : 3.53     bar (8.97e-03 VMR)
[ INFO  ]     CO2    : 89.35    bar (2.27e-01 VMR)
[ INFO  ]     H2     : 1.26     bar (3.20e-03 VMR)
[ INFO  ]     CH4    : 0.00     bar (5.21e-11 VMR)
[ INFO  ]     CO     : 295.34   bar (7.50e-01 VMR)
[ INFO  ]     N2     : 3.91     bar (9.93e-03 VMR)
[ INFO  ]     S2     : 0.01     bar (1.33e-05 VMR)
[ INFO  ]     SO2    : 0.30     bar (7.64e-04 VMR)
[ INFO  ] ---------------------------------------------------
[ INFO  ] Running dummy atmosphere...
[ INFO  ] Gamma = 0.7000
[ INFO  ] Calculating fluxes with dummy atmosphere
[ INFO  ] Resultant values:
[ INFO  ]     T_surf =  3.844e+03  K
[ INFO  ]     F_atm  =  1.001e+05  W m-2
[ INFO  ]     F_olr  =  1.003e+05  W m-2
[ INFO  ]     F_sct  =  3.403e+01  W m-2
[ INFO  ] ---------------------------------------------------
[ INFO  ] Runtime info...
[ INFO  ]     System time  :   2024-10-31 10:01:01   
[ INFO  ]     Model time   :   1.00e+00   yr
[ INFO  ]     T_surf       :   3844.346   K
[ INFO  ]     T_magma      :   3844.346   K
[ INFO  ]     P_surf       :   3.94e+02   bar
[ INFO  ]     Phi_global   :   8.86e-01   
[ INFO  ]     Instellation :   1.36e+03   W m-2
[ INFO  ]     F_int        :   1.31e+07   W m-2
[ INFO  ]     F_atm        :   1.00e+05   W m-2
[ INFO  ]     |F_net|      :   1.30e+07   W m-2
[ INFO  ] Check convergence criteria
[ INFO  ] ---------------------------------------------------
[ INFO  ] Making plots
[ INFO  ]  
[ INFO  ] ===================================================
[ INFO  ] Loop counters
[ INFO  ] init    total     steady
[ INFO  ] 2/2   0004/9000   -1/3
[ INFO  ] ---------------------------------------------------
[ INFO  ] Running Aragog...
[ INFO  ] Time-stepping intent: static
[ INFO  ] New time-step is 1.00e+00 years
[ INFO  ] ---------------------------------------------------
[ INFO  ] Stellar flux management...
[ INFO  ] New spectrum not required at this time
[ INFO  ] ---------------------------------------------------
[ INFO  ] Bulk escape rate: 6.31e+11 kg yr-1 = 2.00e+04 kg s-1
[ INFO  ] ---------------------------------------------------
[ INFO  ] Solving for equilibrium partial pressures at surface
[ INFO  ]     H2O    : 3.53     bar (8.97e-03 VMR)
[ INFO  ]     CO2    : 91.51    bar (2.32e-01 VMR)
[ INFO  ]     H2     : 1.24     bar (3.14e-03 VMR)
[ INFO  ]     CH4    : 0.00     bar (5.42e-11 VMR)
[ INFO  ]     CO     : 293.37   bar (7.45e-01 VMR)
[ INFO  ]     N2     : 3.92     bar (9.95e-03 VMR)
[ INFO  ]     S2     : 0.01     bar (1.34e-05 VMR)
[ INFO  ]     SO2    : 0.30     bar (7.55e-04 VMR)
[ INFO  ] ---------------------------------------------------
[ INFO  ] Running dummy atmosphere...
[ INFO  ] Gamma = 0.7000
[ INFO  ] Calculating fluxes with dummy atmosphere
[ INFO  ] Resultant values:
[ INFO  ]     T_surf =  3.787e+03  K
[ INFO  ]     F_atm  =  9.425e+04  W m-2
[ INFO  ]     F_olr  =  9.452e+04  W m-2
[ INFO  ]     F_sct  =  3.403e+01  W m-2
[ INFO  ] ---------------------------------------------------
[ INFO  ] Runtime info...
[ INFO  ]     System time  :   2024-10-31 10:01:02   
[ INFO  ]     Model time   :   2.00e+00   yr
[ INFO  ]     T_surf       :   3787.495   K
[ INFO  ]     T_magma      :   3787.495   K
[ INFO  ]     P_surf       :   3.94e+02   bar
[ INFO  ]     Phi_global   :   8.86e-01   
[ INFO  ]     Instellation :   1.36e+03   W m-2
[ INFO  ]     F_int        :   1.22e+07   W m-2
[ INFO  ]     F_atm        :   9.42e+04   W m-2
[ INFO  ]     |F_net|      :   1.21e+07   W m-2
[ INFO  ] Check convergence criteria
[ INFO  ] ---------------------------------------------------
[ INFO  ] Making plots
[ INFO  ] Plot global
[ INFO  ] Plot elements
[ INFO  ] Plot escape
[ INFO  ] Plot interior
[ INFO  ]  
[ INFO  ] ===================================================
[ INFO  ] Loop counters
[ INFO  ] init    total     steady
[ INFO  ] 2/2   0005/9000   -1/3
[ INFO  ] ---------------------------------------------------
[ INFO  ] Running Aragog...
[ INFO  ] Time-stepping intent: speed up
[ INFO  ] New time-step is 1.10e+02 years
