Hello

Parameters
    source: dace
    alias:  Frostflow
    vols:   H2O
    nband:  256
    numin, numax, dnu : 1.0, 35000, 0.00 cm-1
 
Verifying domain of input data
    checking H2O
        numin, numax = 1.0, 35000.0 cm-1
    numin, numax set to 1.0, 35000.0 cm-1 

Mapping p,t points
    searching in '/home/n/nichollsh/SOCRATES/spectraltools/data/dace/H2O/'
    found 3360 files
    want 1440 files
    finding best temperatures
    finding best pressures
    mapping to files
     %: 10 20 30 40 50 60 70 80 90 100  
    1440 files mapped, totalling 24.192 GB
    done

Finding best bands (method=3)...
    band   1 : 1.01 - 8.88 cm-1     9900990.10 - 1126126.13 nm
    band   2 : 8.88 - 16.75 cm-1     1126126.13 - 597014.93 nm
    band   3 : 16.75 - 24.61 cm-1     597014.93 - 406338.89 nm
    band   4 : 24.61 - 32.48 cm-1     406338.89 - 307881.77 nm
    band   5 : 32.48 - 40.35 cm-1     307881.77 - 247831.47 nm
    band   6 : 40.35 - 48.22 cm-1     247831.47 - 207382.83 nm
    band   7 : 48.22 - 56.09 cm-1     207382.83 - 178284.90 nm
    band   8 : 56.09 - 63.96 cm-1     178284.90 - 156347.72 nm
    band   9 : 63.96 - 71.82 cm-1     156347.72 - 139236.98 nm
    band  10 : 71.82 - 79.69 cm-1     139236.98 - 125486.26 nm
    band  11 : 79.69 - 87.56 cm-1     125486.26 - 114207.40 nm
    band  12 : 87.56 - 95.43 cm-1     114207.40 - 104788.85 nm
    band  13 : 95.43 - 103.30 cm-1     104788.85 - 96805.42 nm
    band  14 : 103.30 - 111.16 cm-1     96805.42 - 89960.42 nm
    band  15 : 111.16 - 119.03 cm-1     89960.42 - 84012.43 nm
    band  16 : 119.03 - 126.90 cm-1     84012.43 - 78802.21 nm
    band  17 : 126.90 - 134.77 cm-1     78802.21 - 74200.49 nm
    band  18 : 134.77 - 142.64 cm-1     74200.49 - 70106.56 nm
    band  19 : 142.64 - 150.51 cm-1     70106.56 - 66440.77 nm
    band  20 : 150.51 - 158.37 cm-1     66440.77 - 63143.27 nm
    band  21 : 158.37 - 166.24 cm-1     63143.27 - 60153.99 nm
    band  22 : 166.24 - 174.11 cm-1     60153.99 - 57434.95 nm
    band  23 : 174.11 - 181.98 cm-1     57434.95 - 54951.09 nm
    band  24 : 181.98 - 189.85 cm-1     54951.09 - 52673.16 nm
    band  25 : 189.85 - 197.71 cm-1     52673.16 - 50579.13 nm
    band  26 : 197.71 - 205.58 cm-1     50579.13 - 48642.86 nm
    band  27 : 205.58 - 213.45 cm-1     48642.86 - 46849.38 nm
    band  28 : 213.45 - 221.32 cm-1     46849.38 - 45183.44 nm
    band  29 : 221.32 - 229.19 cm-1     45183.44 - 43631.92 nm
    band  30 : 229.19 - 237.05 cm-1     43631.92 - 42185.19 nm
    band  31 : 237.05 - 244.92 cm-1     42185.19 - 40829.66 nm
    band  32 : 244.92 - 252.79 cm-1     40829.66 - 39558.53 nm
    band  33 : 252.79 - 260.66 cm-1     39558.53 - 38364.15 nm
    band  34 : 260.66 - 268.53 cm-1     38364.15 - 37239.79 nm
    band  35 : 268.53 - 276.40 cm-1     37239.79 - 36179.45 nm
    band  36 : 276.40 - 284.26 cm-1     36179.45 - 35179.06 nm
    band  37 : 284.26 - 292.13 cm-1     35179.06 - 34231.34 nm
    band  38 : 292.13 - 300.00 cm-1     34231.34 - 33333.33 nm
    band  39 : 300.00 - 306.62 cm-1     33333.33 - 32613.66 nm
    band  40 : 306.62 - 313.39 cm-1     32613.66 - 31909.12 nm
    band  41 : 313.39 - 320.31 cm-1     31909.12 - 31219.76 nm
    band  42 : 320.31 - 327.38 cm-1     31219.76 - 30545.54 nm
    band  43 : 327.38 - 334.60 cm-1     30545.54 - 29886.43 nm
    band  44 : 334.60 - 341.99 cm-1     29886.43 - 29240.62 nm
    band  45 : 341.99 - 349.54 cm-1     29240.62 - 28609.03 nm
    band  46 : 349.54 - 357.25 cm-1     28609.03 - 27991.60 nm
    band  47 : 357.25 - 365.14 cm-1     27991.60 - 27386.76 nm
    band  48 : 365.14 - 373.19 cm-1     27386.76 - 26796.00 nm
    band  49 : 373.19 - 381.43 cm-1     26796.00 - 26217.13 nm
    band  50 : 381.43 - 389.85 cm-1     26217.13 - 25650.89 nm
    band  51 : 389.85 - 398.46 cm-1     25650.89 - 25096.62 nm
    band  52 : 398.46 - 407.25 cm-1     25096.62 - 24554.94 nm
    band  53 : 407.25 - 416.24 cm-1     24554.94 - 24024.60 nm
    band  54 : 416.24 - 425.43 cm-1     24024.60 - 23505.63 nm
    band  55 : 425.43 - 434.82 cm-1     23505.63 - 22998.02 nm
    band  56 : 434.82 - 444.41 cm-1     22998.02 - 22501.74 nm
    band  57 : 444.41 - 454.22 cm-1     22501.74 - 22015.76 nm
    band  58 : 454.22 - 464.25 cm-1     22015.76 - 21540.12 nm
    band  59 : 464.25 - 474.49 cm-1     21540.12 - 21075.26 nm
    band  60 : 474.49 - 484.97 cm-1     21075.26 - 20619.83 nm
    band  61 : 484.97 - 495.67 cm-1     20619.83 - 20174.71 nm
    band  62 : 495.67 - 506.61 cm-1     20174.71 - 19739.05 nm
    band  63 : 506.61 - 517.79 cm-1     19739.05 - 19312.85 nm
    band  64 : 517.79 - 529.22 cm-1     19312.85 - 18895.73 nm
    band  65 : 529.22 - 540.90 cm-1     18895.73 - 18487.71 nm
    band  66 : 540.90 - 552.84 cm-1     18487.71 - 18088.42 nm
    band  67 : 552.84 - 565.04 cm-1     18088.42 - 17697.86 nm
    band  68 : 565.04 - 577.52 cm-1     17697.86 - 17315.42 nm
    band  69 : 577.52 - 590.26 cm-1     17315.42 - 16941.69 nm
    band  70 : 590.26 - 603.29 cm-1     16941.69 - 16575.78 nm
    band  71 : 603.29 - 616.61 cm-1     16575.78 - 16217.71 nm
    band  72 : 616.61 - 630.22 cm-1     16217.71 - 15867.47 nm
    band  73 : 630.22 - 644.13 cm-1     15867.47 - 15524.82 nm
    band  74 : 644.13 - 658.34 cm-1     15524.82 - 15189.72 nm
    band  75 : 658.34 - 672.87 cm-1     15189.72 - 14861.71 nm
    band  76 : 672.87 - 687.72 cm-1     14861.71 - 14540.80 nm
    band  77 : 687.72 - 702.90 cm-1     14540.80 - 14226.77 nm
    band  78 : 702.90 - 718.42 cm-1     14226.77 - 13919.43 nm
    band  79 : 718.42 - 734.28 cm-1     13919.43 - 13618.78 nm
    band  80 : 734.28 - 750.48 cm-1     13618.78 - 13324.81 nm
    band  81 : 750.48 - 767.05 cm-1     13324.81 - 13036.96 nm
    band  82 : 767.05 - 783.98 cm-1     13036.96 - 12755.43 nm
    band  83 : 783.98 - 801.28 cm-1     12755.43 - 12480.03 nm
    band  84 : 801.28 - 818.97 cm-1     12480.03 - 12210.46 nm
    band  85 : 818.97 - 837.04 cm-1     12210.46 - 11946.86 nm
    band  86 : 837.04 - 855.52 cm-1     11946.86 - 11688.80 nm
    band  87 : 855.52 - 874.40 cm-1     11688.80 - 11436.41 nm
    band  88 : 874.40 - 893.70 cm-1     11436.41 - 11189.44 nm
    band  89 : 893.70 - 913.43 cm-1     11189.44 - 10947.75 nm
    band  90 : 913.43 - 933.59 cm-1     10947.75 - 10711.34 nm
    band  91 : 933.59 - 954.19 cm-1     10711.34 - 10480.09 nm
    band  92 : 954.19 - 975.25 cm-1     10480.09 - 10253.78 nm
    band  93 : 975.25 - 996.78 cm-1     10253.78 - 10032.30 nm
    band  94 : 996.78 - 1018.78 cm-1     10032.30 - 9815.66 nm
    band  95 : 1018.78 - 1041.27 cm-1     9815.66 - 9603.66 nm
    band  96 : 1041.27 - 1064.25 cm-1     9603.66 - 9396.29 nm
    band  97 : 1064.25 - 1087.74 cm-1     9396.29 - 9193.37 nm
    band  98 : 1087.74 - 1111.75 cm-1     9193.37 - 8994.83 nm
    band  99 : 1111.75 - 1136.28 cm-1     8994.83 - 8800.65 nm
    band 100 : 1136.28 - 1161.36 cm-1     8800.65 - 8610.59 nm
    band 101 : 1161.36 - 1187.00 cm-1     8610.59 - 8424.60 nm
    band 102 : 1187.00 - 1213.20 cm-1     8424.60 - 8242.66 nm
    band 103 : 1213.20 - 1239.97 cm-1     8242.66 - 8064.71 nm
    band 104 : 1239.97 - 1267.34 cm-1     8064.71 - 7890.54 nm
    band 105 : 1267.34 - 1295.32 cm-1     7890.54 - 7720.10 nm
    band 106 : 1295.32 - 1323.91 cm-1     7720.10 - 7553.38 nm
    band 107 : 1323.91 - 1353.13 cm-1     7553.38 - 7390.27 nm
    band 108 : 1353.13 - 1382.99 cm-1     7390.27 - 7230.71 nm
    band 109 : 1382.99 - 1413.52 cm-1     7230.71 - 7074.54 nm
    band 110 : 1413.52 - 1444.72 cm-1     7074.54 - 6921.76 nm
    band 111 : 1444.72 - 1476.60 cm-1     6921.76 - 6772.31 nm
    band 112 : 1476.60 - 1509.19 cm-1     6772.31 - 6626.07 nm
    band 113 : 1509.19 - 1542.51 cm-1     6626.07 - 6482.94 nm
    band 114 : 1542.51 - 1576.55 cm-1     6482.94 - 6342.96 nm
    band 115 : 1576.55 - 1611.35 cm-1     6342.96 - 6205.98 nm
    band 116 : 1611.35 - 1646.91 cm-1     6205.98 - 6071.98 nm
    band 117 : 1646.91 - 1683.26 cm-1     6071.98 - 5940.85 nm
    band 118 : 1683.26 - 1720.42 cm-1     5940.85 - 5812.53 nm
    band 119 : 1720.42 - 1758.39 cm-1     5812.53 - 5687.02 nm
    band 120 : 1758.39 - 1797.20 cm-1     5687.02 - 5564.21 nm
    band 121 : 1797.20 - 1836.87 cm-1     5564.21 - 5444.04 nm
    band 122 : 1836.87 - 1877.41 cm-1     5444.04 - 5326.49 nm
    band 123 : 1877.41 - 1918.85 cm-1     5326.49 - 5211.45 nm
    band 124 : 1918.85 - 1961.20 cm-1     5211.45 - 5098.92 nm
    band 125 : 1961.20 - 2004.49 cm-1     5098.92 - 4988.80 nm
    band 126 : 2004.49 - 2048.73 cm-1     4988.80 - 4881.07 nm
    band 127 : 2048.73 - 2093.95 cm-1     4881.07 - 4775.66 nm
    band 128 : 2093.95 - 2140.17 cm-1     4775.66 - 4672.53 nm
    band 129 : 2140.17 - 2187.41 cm-1     4672.53 - 4571.62 nm
    band 130 : 2187.41 - 2235.69 cm-1     4571.62 - 4472.89 nm
    band 131 : 2235.69 - 2285.03 cm-1     4472.89 - 4376.31 nm
    band 132 : 2285.03 - 2335.47 cm-1     4376.31 - 4281.79 nm
    band 133 : 2335.47 - 2387.01 cm-1     4281.79 - 4189.34 nm
    band 134 : 2387.01 - 2439.70 cm-1     4189.34 - 4098.86 nm
    band 135 : 2439.70 - 2493.55 cm-1     4098.86 - 4010.35 nm
    band 136 : 2493.55 - 2548.58 cm-1     4010.35 - 3923.75 nm
    band 137 : 2548.58 - 2604.84 cm-1     3923.75 - 3839.01 nm
    band 138 : 2604.84 - 2662.33 cm-1     3839.01 - 3756.11 nm
    band 139 : 2662.33 - 2721.09 cm-1     3756.11 - 3675.00 nm
    band 140 : 2721.09 - 2781.15 cm-1     3675.00 - 3595.63 nm
    band 141 : 2781.15 - 2842.54 cm-1     3595.63 - 3517.98 nm
    band 142 : 2842.54 - 2905.28 cm-1     3517.98 - 3442.01 nm
    band 143 : 2905.28 - 2969.40 cm-1     3442.01 - 3367.68 nm
    band 144 : 2969.40 - 3034.94 cm-1     3367.68 - 3294.96 nm
    band 145 : 3034.94 - 3101.93 cm-1     3294.96 - 3223.80 nm
    band 146 : 3101.93 - 3170.39 cm-1     3223.80 - 3154.19 nm
    band 147 : 3170.39 - 3240.37 cm-1     3154.19 - 3086.07 nm
    band 148 : 3240.37 - 3311.89 cm-1     3086.07 - 3019.42 nm
    band 149 : 3311.89 - 3384.99 cm-1     3019.42 - 2954.22 nm
    band 150 : 3384.99 - 3459.70 cm-1     2954.22 - 2890.42 nm
    band 151 : 3459.70 - 3536.06 cm-1     2890.42 - 2828.01 nm
    band 152 : 3536.06 - 3614.11 cm-1     2828.01 - 2766.93 nm
    band 153 : 3614.11 - 3693.88 cm-1     2766.93 - 2707.18 nm
    band 154 : 3693.88 - 3775.41 cm-1     2707.18 - 2648.72 nm
    band 155 : 3775.41 - 3858.74 cm-1     2648.72 - 2591.52 nm
    band 156 : 3858.74 - 3943.91 cm-1     2591.52 - 2535.55 nm
    band 157 : 3943.91 - 4030.96 cm-1     2535.55 - 2480.80 nm
    band 158 : 4030.96 - 4119.93 cm-1     2480.80 - 2427.23 nm
    band 159 : 4119.93 - 4210.87 cm-1     2427.23 - 2374.81 nm
    band 160 : 4210.87 - 4303.81 cm-1     2374.81 - 2323.52 nm
    band 161 : 4303.81 - 4398.80 cm-1     2323.52 - 2273.35 nm
    band 162 : 4398.80 - 4495.89 cm-1     2273.35 - 2224.25 nm
    band 163 : 4495.89 - 4595.12 cm-1     2224.25 - 2176.22 nm
    band 164 : 4595.12 - 4696.55 cm-1     2176.22 - 2129.22 nm
    band 165 : 4696.55 - 4800.21 cm-1     2129.22 - 2083.24 nm
    band 166 : 4800.21 - 4906.16 cm-1     2083.24 - 2038.25 nm
    band 167 : 4906.16 - 5014.44 cm-1     2038.25 - 1994.24 nm
    band 168 : 5014.44 - 5125.12 cm-1     1994.24 - 1951.17 nm
    band 169 : 5125.12 - 5238.24 cm-1     1951.17 - 1909.04 nm
    band 170 : 5238.24 - 5353.86 cm-1     1909.04 - 1867.81 nm
    band 171 : 5353.86 - 5472.03 cm-1     1867.81 - 1827.48 nm
    band 172 : 5472.03 - 5592.81 cm-1     1827.48 - 1788.01 nm
    band 173 : 5592.81 - 5716.25 cm-1     1788.01 - 1749.40 nm
    band 174 : 5716.25 - 5842.42 cm-1     1749.40 - 1711.62 nm
    band 175 : 5842.42 - 5971.37 cm-1     1711.62 - 1674.66 nm
    band 176 : 5971.37 - 6103.17 cm-1     1674.66 - 1638.49 nm
    band 177 : 6103.17 - 6237.88 cm-1     1638.49 - 1603.11 nm
    band 178 : 6237.88 - 6375.56 cm-1     1603.11 - 1568.49 nm
    band 179 : 6375.56 - 6516.28 cm-1     1568.49 - 1534.62 nm
    band 180 : 6516.28 - 6660.10 cm-1     1534.62 - 1501.48 nm
    band 181 : 6660.10 - 6807.10 cm-1     1501.48 - 1469.05 nm
    band 182 : 6807.10 - 6957.35 cm-1     1469.05 - 1437.33 nm
    band 183 : 6957.35 - 7110.91 cm-1     1437.33 - 1406.29 nm
    band 184 : 7110.91 - 7267.86 cm-1     1406.29 - 1375.92 nm
    band 185 : 7267.86 - 7428.28 cm-1     1375.92 - 1346.21 nm
    band 186 : 7428.28 - 7592.23 cm-1     1346.21 - 1317.14 nm
    band 187 : 7592.23 - 7759.81 cm-1     1317.14 - 1288.69 nm
    band 188 : 7759.81 - 7931.08 cm-1     1288.69 - 1260.86 nm
    band 189 : 7931.08 - 8106.13 cm-1     1260.86 - 1233.63 nm
    band 190 : 8106.13 - 8285.05 cm-1     1233.63 - 1206.99 nm
    band 191 : 8285.05 - 8467.91 cm-1     1206.99 - 1180.93 nm
    band 192 : 8467.91 - 8654.82 cm-1     1180.93 - 1155.43 nm
    band 193 : 8654.82 - 8845.84 cm-1     1155.43 - 1130.47 nm
    band 194 : 8845.84 - 9041.09 cm-1     1130.47 - 1106.06 nm
    band 195 : 9041.09 - 9240.64 cm-1     1106.06 - 1082.18 nm
    band 196 : 9240.64 - 9444.60 cm-1     1082.18 - 1058.81 nm
    band 197 : 9444.60 - 9653.06 cm-1     1058.81 - 1035.94 nm
    band 198 : 9653.06 - 9866.12 cm-1     1035.94 - 1013.57 nm
    band 199 : 9866.12 - 10083.88 cm-1     1013.57 - 991.68 nm
    band 200 : 10083.88 - 10306.45 cm-1     991.68 - 970.27 nm
    band 201 : 10306.45 - 10533.93 cm-1     970.27 - 949.31 nm
    band 202 : 10533.93 - 10766.44 cm-1     949.31 - 928.81 nm
    band 203 : 10766.44 - 11004.07 cm-1     928.81 - 908.75 nm
    band 204 : 11004.07 - 11246.95 cm-1     908.75 - 889.13 nm
    band 205 : 11246.95 - 11495.19 cm-1     889.13 - 869.93 nm
    band 206 : 11495.19 - 11748.91 cm-1     869.93 - 851.14 nm
    band 207 : 11748.91 - 12008.23 cm-1     851.14 - 832.76 nm
    band 208 : 12008.23 - 12273.27 cm-1     832.76 - 814.78 nm
    band 209 : 12273.27 - 12544.17 cm-1     814.78 - 797.18 nm
    band 210 : 12544.17 - 12821.04 cm-1     797.18 - 779.97 nm
    band 211 : 12821.04 - 13104.02 cm-1     779.97 - 763.12 nm
    band 212 : 13104.02 - 13393.25 cm-1     763.12 - 746.64 nm
    band 213 : 13393.25 - 13688.86 cm-1     746.64 - 730.52 nm
    band 214 : 13688.86 - 13991.00 cm-1     730.52 - 714.75 nm
    band 215 : 13991.00 - 14299.81 cm-1     714.75 - 699.31 nm
    band 216 : 14299.81 - 14615.43 cm-1     699.31 - 684.21 nm
    band 217 : 14615.43 - 14938.02 cm-1     684.21 - 669.43 nm
    band 218 : 14938.02 - 15267.73 cm-1     669.43 - 654.98 nm
    band 219 : 15267.73 - 15604.72 cm-1     654.98 - 640.83 nm
    band 220 : 15604.72 - 15949.14 cm-1     640.83 - 626.99 nm
    band 221 : 15949.14 - 16301.17 cm-1     626.99 - 613.45 nm
    band 222 : 16301.17 - 16660.96 cm-1     613.45 - 600.21 nm
    band 223 : 16660.96 - 17028.70 cm-1     600.21 - 587.24 nm
    band 224 : 17028.70 - 17404.55 cm-1     587.24 - 574.56 nm
    band 225 : 17404.55 - 17788.70 cm-1     574.56 - 562.15 nm
    band 226 : 17788.70 - 18181.33 cm-1     562.15 - 550.01 nm
    band 227 : 18181.33 - 18582.63 cm-1     550.01 - 538.14 nm
    band 228 : 18582.63 - 18992.78 cm-1     538.14 - 526.52 nm
    band 229 : 18992.78 - 19411.98 cm-1     526.52 - 515.15 nm
    band 230 : 19411.98 - 19840.44 cm-1     515.15 - 504.02 nm
    band 231 : 19840.44 - 20278.36 cm-1     504.02 - 493.14 nm
    band 232 : 20278.36 - 20725.94 cm-1     493.14 - 482.49 nm
    band 233 : 20725.94 - 21183.40 cm-1     482.49 - 472.07 nm
    band 234 : 21183.40 - 21650.95 cm-1     472.07 - 461.87 nm
    band 235 : 21650.95 - 22128.83 cm-1     461.87 - 451.90 nm
    band 236 : 22128.83 - 22617.25 cm-1     451.90 - 442.14 nm
    band 237 : 22617.25 - 23116.45 cm-1     442.14 - 432.59 nm
    band 238 : 23116.45 - 23626.67 cm-1     432.59 - 423.25 nm
    band 239 : 23626.67 - 24148.16 cm-1     423.25 - 414.11 nm
    band 240 : 24148.16 - 24681.15 cm-1     414.11 - 405.17 nm
    band 241 : 24681.15 - 25225.91 cm-1     405.17 - 396.42 nm
    band 242 : 25225.91 - 25782.69 cm-1     396.42 - 387.86 nm
    band 243 : 25782.69 - 26351.76 cm-1     387.86 - 379.48 nm
    band 244 : 26351.76 - 26933.39 cm-1     379.48 - 371.29 nm
    band 245 : 26933.39 - 27527.86 cm-1     371.29 - 363.27 nm
    band 246 : 27527.86 - 28135.45 cm-1     363.27 - 355.42 nm
    band 247 : 28135.45 - 28756.45 cm-1     355.42 - 347.75 nm
    band 248 : 28756.45 - 29391.16 cm-1     347.75 - 340.24 nm
    band 249 : 29391.16 - 30039.87 cm-1     340.24 - 332.89 nm
    band 250 : 30039.87 - 30702.91 cm-1     332.89 - 325.70 nm
    band 251 : 30702.91 - 31380.57 cm-1     325.70 - 318.67 nm
    band 252 : 31380.57 - 32073.20 cm-1     318.67 - 311.79 nm
    band 253 : 32073.20 - 32781.11 cm-1     311.79 - 305.05 nm
    band 254 : 32781.11 - 33504.65 cm-1     305.05 - 298.47 nm
    band 255 : 33504.65 - 34244.16 cm-1     298.47 - 292.02 nm
    band 256 : 34244.16 - 34999.99 cm-1     292.02 - 285.71 nm
    done

Creating skeleton spectral file 'Frostflow'
    number of bands: 256
    numin , numax: 1.01 , 34999.99 cm-1
    included volatiles (n=1): H2O
    number of p,t points: 1440
    unique p values [Pa]: 0.1 0.132 0.17 0.224 0.288 0.372 0.49 0.631 0.832 1.072 1.38 1.82 2.344 3.09 3.981 5.129 6.761 8.71 11.482 14.791 19.055 25.119 32.359 42.658 54.954 70.795 93.325 120.226 154.882 204.174 263.027 346.737 446.684 575.44 758.578 977.237 1288.25 1659.587 2137.962 2818.383 3630.781 4786.301 6165.95 7943.282 10471.285 13489.629 17782.794 22908.677 29512.092 38904.514 50118.723 66069.345 85113.804 107151.931 141253.754 181970.086 234422.882 309029.543 398107.171 524807.46 676082.975 870963.59 1148153.621 1479108.388 1949844.6 2511886.432 3235936.569 4265795.188 5495408.739 7244359.601 9332543.008 12022644.346 15848931.925 20417379.447 26915348.039 34673685.045 44668359.215 58884365.536 75857757.503 100000000.0
    unique t values [K] : 100.0 273.0 419.0 564.0 783.0 928.0 1074.0 1220.0 1438.0 1584.0 1729.0 1875.0 2093.0 2239.0 2385.0 2530.0 2749.0 2895.0
    number of continua: 1
    done writing to '/home/n/nichollsh/SOCRATES/spectraltools/output/Frostflow_skel.sf' 

WARNING: Using pre-existing netCDF file for H2O lbl absorption. Any configuration mismatch here will lead to issues.
Calculating k-coefficients for 'H2O' line absorption for 'Frostflow'...
    band limits: [1, 256]
    start
    please wait...
    done writing to '/home/n/nichollsh/SOCRATES/spectraltools/output/Frostflow_H2O_lbl.sf_k'

Calculating k-coefficients for 'H2O-H2O' CIA for 'Frostflow'...
    Using MT_CKD with band limits: [1, 230]
    start
    please wait...
    done writing to '/home/n/nichollsh/SOCRATES/spectraltools/output/Frostflow_H2O-H2O_cia.sf_k'

Calculating water droplet optical properties for 'Frostflow'...
    start
    please wait...
    done writing to '/home/n/nichollsh/SOCRATES/spectraltools/output/Frostflow_droplet.sct'

Assembling final spectral file for 'Frostflow'...
    line absorption: H2O 
    CIA: H2O-H2O 
    water droplets: yes
    aerosols: (none)
    ice: (none)
    start
    please wait...
    done writing to '/home/n/nichollsh/SOCRATES/spectraltools/output/Frostflow.sf' 

Goodbye
